

Microchip MPLAB XC8 Assembler V2.05 build -831301201 
                                                                                               Sat May 04 19:46:29 2019

Microchip MPLAB XC8 C Compiler v2.05 (Free license) build 20181220022703 Og1 
     1                           	processor	18F87K22
     2                           	fnconf	rparam,??,?,0
     3                           	opt	pw 120
     4                           	opt	flic
     5                           	psect	nvCOMRAM,global,class=COMRAM,space=1,delta=1,noexec
     6                           	psect	cinit,global,reloc=2,class=CODE,delta=1
     7                           	psect	cstackCOMRAM,global,class=COMRAM,space=1,delta=1,noexec
     8                           	psect	text0,global,reloc=2,class=CODE,delta=1
     9                           	psect	text1,global,reloc=2,class=CODE,delta=1
    10                           	psect	text2,global,reloc=2,class=CODE,delta=1
    11                           	psect	text3,global,reloc=2,class=CODE,delta=1
    12                           	psect	text4,global,reloc=2,class=CODE,delta=1
    13                           	psect	text5,global,reloc=2,class=CODE,delta=1
    14                           	psect	text6,global,reloc=2,class=CODE,delta=1
    15                           	psect	intcode,global,reloc=2,class=CODE,delta=1
    16                           	psect	text8,global,reloc=2,class=CODE,delta=1
    17                           	psect	text9,global,reloc=2,class=CODE,delta=1
    18                           	psect	text10,global,reloc=2,class=CODE,delta=1
    19                           	psect	text11,global,reloc=2,class=CODE,delta=1
    20                           	psect	intsave_regs,global,class=BIGRAM,space=1,delta=1,noexec
    21                           	psect	text12,global,reloc=2,class=CODE,delta=1
    22                           	psect	rparam,global,class=COMRAM,space=1,delta=1,noexec
    23                           	psect	temp,global,ovrld,common,class=COMRAM,space=1,delta=1
    24  0000                     
    25                           ; Version 2.05
    26                           ; Generated 20/12/2018 GMT
    27                           ; 
    28                           ; Copyright © 2018, Microchip Technology Inc. and its subsidiaries ("Microchip")
    29                           ; All rights reserved.
    30                           ; 
    31                           ; This software is developed by Microchip Technology Inc. and its subsidiaries ("Microch
      +                          ip").
    32                           ; 
    33                           ; Redistribution and use in source and binary forms, with or without modification, are
    34                           ; permitted provided that the following conditions are met:
    35                           ; 
    36                           ;     1. Redistributions of source code must retain the above copyright notice, this lis
      +                          t of
    37                           ;        conditions and the following disclaimer.
    38                           ; 
    39                           ;     2. Redistributions in binary form must reproduce the above copyright notice, this 
      +                          list
    40                           ;        of conditions and the following disclaimer in the documentation and/or other
    41                           ;        materials provided with the distribution.
    42                           ; 
    43                           ;     3. Microchip's name may not be used to endorse or promote products derived from th
      +                          is
    44                           ;        software without specific prior written permission.
    45                           ; 
    46                           ; THIS SOFTWARE IS PROVIDED BY MICROCHIP "AS IS" AND ANY EXPRESS OR IMPLIED WARRANTIES,
    47                           ; INCLUDING, BUT NOT LIMITED TO, THE IMPLIED WARRANTIES OF MERCHANTABILITY AND FITNESS F
      +                          OR
    48                           ; PURPOSE ARE DISCLAIMED.  IN NO EVENT SHALL MICROCHIP BE LIABLE FOR ANY DIRECT, INDIREC
      +                          T,
    49                           ; INCIDENTAL, SPECIAL, EXEMPLARY, OR CONSEQUENTIAL DAMAGES (INCLUDING BUT NOT LIMITED TO
    50                           ; PROCUREMENT OF SUBSTITUTE GOODS OR SERVICES; LOSS OF USE, DATA OR PROFITS; OR BUSINESS
    51                           ; INTERRUPTION) HOWSOEVER CAUSED AND ON ANY THEORY OF LIABILITY, WHETHER IN CONTRACT, ST
      +                          RICT
    52                           ; LIABILITY, OR TORT (INCLUDING NEGLIGENCE OR OTHERWISE) ARISING IN ANY WAY OUT OF THE U
      +                          SE OF
    53                           ; THIS SOFTWARE, EVEN IF ADVISED OF THE POSSIBILITY OF SUCH DAMAGE.
    54                           ; 
    55                           ; 
    56                           ; Code-generator required, PIC18F87K22 Definitions
    57                           ; 
    58                           ; SFR Addresses
    59  0000                     
    60                           	psect	nvCOMRAM
    61  00000A                     __pnvCOMRAM:
    62                           	opt callstack 0
    63  00000A                     _TMR3_InterruptHandler:
    64                           	opt callstack 0
    65  00000A                     	ds	3
    66  00000D                     _timer3ReloadVal:
    67                           	opt callstack 0
    68  00000D                     	ds	2
    69  0000                     _ANCON2	set	3875
    70  0000                     _ANCON1	set	3876
    71  0000                     _ANCON0	set	3877
    72  0000                     _REFOCON	set	3882
    73  0000                     _TRISD	set	3989
    74  0000                     _TRISC	set	3988
    75  0000                     _TRISH	set	3993
    76  0000                     _TRISB	set	3987
    77  0000                     _TRISG	set	3992
    78  0000                     _TRISA	set	3986
    79  0000                     _TRISF	set	3991
    80  0000                     _TRISE	set	3990
    81  0000                     _LATH	set	3984
    82  0000                     _LATC	set	3979
    83  0000                     _LATG	set	3983
    84  0000                     _LATB	set	3978
    85  0000                     _LATF	set	3982
    86  0000                     _LATA	set	3977
    87  0000                     _LATD	set	3980
    88  0000                     _LATE	set	3981
    89  0000                     _OSCTUNE	set	3995
    90  0000                     _OSCCON2	set	3940
    91  0000                     _OSCCON	set	4051
    92  0000                     _INTCONbits	set	4082
    93  0000                     _RCONbits	set	4048
    94  0000                     _T3GCONbits	set	4016
    95  0000                     _T3CONbits	set	4017
    96  0000                     _T3CON	set	4017
    97  0000                     _PIE2bits	set	4000
    98  0000                     _PIR2bits	set	4001
    99  0000                     _TMR3L	set	4018
   100  0000                     _TMR3H	set	4019
   101  0000                     _T3GCON	set	4016
   102                           
   103                           ; #config settings
   104  0000                     
   105                           	psect	cinit
   106  000128                     __pcinit:
   107                           	opt callstack 0
   108  000128                     start_initialization:
   109                           	opt callstack 0
   110  000128                     __initialization:
   111                           	opt callstack 0
   112  000128                     end_of_initialization:
   113                           	opt callstack 0
   114  000128                     __end_of__initialization:
   115                           	opt callstack 0
   116  000128  900F               	bcf	int$flags,0,c	;clear compiler interrupt flag (level 1)
   117  00012A  920F               	bcf	int$flags,1,c	;clear compiler interrupt flag (level 2)
   118  00012C  0100               	movlb	0
   119  00012E  EF99  F000         	goto	_main	;jump to C main() function
   120                           
   121                           	psect	cstackCOMRAM
   122  000001                     __pcstackCOMRAM:
   123                           	opt callstack 0
   124  000001                     TMR3_WriteTimer@timerVal:
   125                           	opt callstack 0
   126                           
   127                           ; 2 bytes @ 0x0
   128  000001                     	ds	2
   129  000003                     ??_INTERRUPT_InterruptManager:
   130                           
   131                           ; 1 bytes @ 0x2
   132  000003                     	ds	2
   133  000005                     TMR3_SetInterruptHandler@InterruptHandler:
   134                           	opt callstack 0
   135                           
   136                           ; 3 bytes @ 0x4
   137  000005                     	ds	3
   138  000008                     ??_TMR3_Initialize:
   139                           
   140                           ; 1 bytes @ 0x7
   141  000008                     	ds	2
   142  00000A                     
   143                           ; 1 bytes @ 0x9
   144 ;;
   145 ;;Main: autosize = 0, tempsize = 0, incstack = 0, save=0
   146 ;;
   147 ;; *************** function _main *****************
   148 ;; Defined at:
   149 ;;		line 49 in file "main.c"
   150 ;; Parameters:    Size  Location     Type
   151 ;;		None
   152 ;; Auto vars:     Size  Location     Type
   153 ;;		None
   154 ;; Return value:  Size  Location     Type
   155 ;;                  1    wreg      void 
   156 ;; Registers used:
   157 ;;		wreg, status,2, status,0, cstack
   158 ;; Tracked objects:
   159 ;;		On entry : 0/0
   160 ;;		On exit  : 0/0
   161 ;;		Unchanged: 0/0
   162 ;; Data sizes:     COMRAM   BANK0   BANK1   BANK2   BANK3   BANK4   BANK5   BANK6   BANK7   BANK8   BANK9  BANK10  BANK1
      +1  BANK12  BANK13  BANK14  BANK15
   163 ;;      Params:         0       0       0       0       0       0       0       0       0       0       0       0       
      +0       0       0       0       0
   164 ;;      Locals:         0       0       0       0       0       0       0       0       0       0       0       0       
      +0       0       0       0       0
   165 ;;      Temps:          0       0       0       0       0       0       0       0       0       0       0       0       
      +0       0       0       0       0
   166 ;;      Totals:         0       0       0       0       0       0       0       0       0       0       0       0       
      +0       0       0       0       0
   167 ;;Total ram usage:        0 bytes
   168 ;; Hardware stack levels required when called:    7
   169 ;; This function calls:
   170 ;;		_SYSTEM_Initialize
   171 ;; This function is called by:
   172 ;;		Startup code after reset
   173 ;; This function uses a non-reentrant model
   174 ;;
   175                           
   176                           	psect	text0
   177  000132                     __ptext0:
   178                           	opt callstack 0
   179  000132                     _main:
   180                           	opt callstack 24
   181                           
   182                           ;main.c: 52:     SYSTEM_Initialize();
   183                           
   184                           ;incstack = 0
   185  000132  EC84  F000         	call	_SYSTEM_Initialize	;wreg free
   186  000136                     l159:
   187                           
   188                           ;main.c: 71:     {;main.c: 73:     }
   189  000136  D7FF               	goto	l159
   190  000138                     __end_of_main:
   191                           	opt callstack 0
   192                           
   193 ;; *************** function _SYSTEM_Initialize *****************
   194 ;; Defined at:
   195 ;;		line 50 in file "mcc_generated_files/mcc.c"
   196 ;; Parameters:    Size  Location     Type
   197 ;;		None
   198 ;; Auto vars:     Size  Location     Type
   199 ;;		None
   200 ;; Return value:  Size  Location     Type
   201 ;;                  1    wreg      void 
   202 ;; Registers used:
   203 ;;		wreg, status,2, status,0, cstack
   204 ;; Tracked objects:
   205 ;;		On entry : 0/0
   206 ;;		On exit  : 0/0
   207 ;;		Unchanged: 0/0
   208 ;; Data sizes:     COMRAM   BANK0   BANK1   BANK2   BANK3   BANK4   BANK5   BANK6   BANK7   BANK8   BANK9  BANK10  BANK1
      +1  BANK12  BANK13  BANK14  BANK15
   209 ;;      Params:         0       0       0       0       0       0       0       0       0       0       0       0       
      +0       0       0       0       0
   210 ;;      Locals:         0       0       0       0       0       0       0       0       0       0       0       0       
      +0       0       0       0       0
   211 ;;      Temps:          0       0       0       0       0       0       0       0       0       0       0       0       
      +0       0       0       0       0
   212 ;;      Totals:         0       0       0       0       0       0       0       0       0       0       0       0       
      +0       0       0       0       0
   213 ;;Total ram usage:        0 bytes
   214 ;; Hardware stack levels used:    1
   215 ;; Hardware stack levels required when called:    6
   216 ;; This function calls:
   217 ;;		_INTERRUPT_Initialize
   218 ;;		_OSCILLATOR_Initialize
   219 ;;		_PIN_MANAGER_Initialize
   220 ;;		_TMR3_Initialize
   221 ;; This function is called by:
   222 ;;		_main
   223 ;; This function uses a non-reentrant model
   224 ;;
   225                           
   226                           	psect	text1
   227  000108                     __ptext1:
   228                           	opt callstack 0
   229  000108                     _SYSTEM_Initialize:
   230                           	opt callstack 24
   231                           
   232                           ;mcc_generated_files/mcc.c: 53:     INTERRUPT_Initialize();
   233                           
   234                           ;incstack = 0
   235  000108  EC9F  F000         	call	_INTERRUPT_Initialize	;wreg free
   236                           
   237                           ;mcc_generated_files/mcc.c: 54:     PIN_MANAGER_Initialize();
   238  00010C  EC17  F000         	call	_PIN_MANAGER_Initialize	;wreg free
   239                           
   240                           ;mcc_generated_files/mcc.c: 55:     OSCILLATOR_Initialize();
   241  000110  EC7A  F000         	call	_OSCILLATOR_Initialize	;wreg free
   242                           
   243                           ;mcc_generated_files/mcc.c: 56:     TMR3_Initialize();
   244  000114  EC36  F000         	call	_TMR3_Initialize	;wreg free
   245  000118  0012               	return		;funcret
   246  00011A                     __end_of_SYSTEM_Initialize:
   247                           	opt callstack 0
   248                           
   249 ;; *************** function _TMR3_Initialize *****************
   250 ;; Defined at:
   251 ;;		line 66 in file "mcc_generated_files/tmr3.c"
   252 ;; Parameters:    Size  Location     Type
   253 ;;		None
   254 ;; Auto vars:     Size  Location     Type
   255 ;;		None
   256 ;; Return value:  Size  Location     Type
   257 ;;                  1    wreg      void 
   258 ;; Registers used:
   259 ;;		wreg, status,2, status,0, cstack
   260 ;; Tracked objects:
   261 ;;		On entry : 0/0
   262 ;;		On exit  : 0/0
   263 ;;		Unchanged: 0/0
   264 ;; Data sizes:     COMRAM   BANK0   BANK1   BANK2   BANK3   BANK4   BANK5   BANK6   BANK7   BANK8   BANK9  BANK10  BANK1
      +1  BANK12  BANK13  BANK14  BANK15
   265 ;;      Params:         0       0       0       0       0       0       0       0       0       0       0       0       
      +0       0       0       0       0
   266 ;;      Locals:         0       0       0       0       0       0       0       0       0       0       0       0       
      +0       0       0       0       0
   267 ;;      Temps:          2       0       0       0       0       0       0       0       0       0       0       0       
      +0       0       0       0       0
   268 ;;      Totals:         2       0       0       0       0       0       0       0       0       0       0       0       
      +0       0       0       0       0
   269 ;;Total ram usage:        2 bytes
   270 ;; Hardware stack levels used:    1
   271 ;; Hardware stack levels required when called:    5
   272 ;; This function calls:
   273 ;;		_TMR3_SetInterruptHandler
   274 ;; This function is called by:
   275 ;;		_SYSTEM_Initialize
   276 ;; This function uses a non-reentrant model
   277 ;;
   278                           
   279                           	psect	text2
   280  00006C                     __ptext2:
   281                           	opt callstack 0
   282  00006C                     _TMR3_Initialize:
   283                           	opt callstack 24
   284                           
   285                           ;mcc_generated_files/tmr3.c: 71:     T3GCON = 0x00;
   286                           
   287                           ;incstack = 0
   288  00006C  0E00               	movlw	0
   289  00006E  6EB0               	movwf	4016,c	;volatile
   290                           
   291                           ;mcc_generated_files/tmr3.c: 74:     TMR3H = 0x9E;
   292  000070  0E9E               	movlw	158
   293  000072  6EB3               	movwf	4019,c	;volatile
   294                           
   295                           ;mcc_generated_files/tmr3.c: 77:     TMR3L = 0x58;
   296  000074  0E58               	movlw	88
   297  000076  6EB2               	movwf	4018,c	;volatile
   298                           
   299                           ;mcc_generated_files/tmr3.c: 80:     timer3ReloadVal=(uint16_t)((TMR3H << 8) | TMR3L);
   300  000078  50B2               	movf	4018,w,c	;volatile
   301  00007A  CFB3 F008          	movff	4019,??_TMR3_Initialize	;volatile
   302  00007E  6A09               	clrf	(??_TMR3_Initialize+1)& (0+255),c
   303  000080  C008  F009         	movff	??_TMR3_Initialize,??_TMR3_Initialize+1
   304  000084  6A08               	clrf	??_TMR3_Initialize,c
   305  000086  1008               	iorwf	??_TMR3_Initialize,w,c
   306  000088  6E0D               	movwf	_timer3ReloadVal,c	;volatile
   307  00008A  5009               	movf	??_TMR3_Initialize+1,w,c
   308  00008C  6E0E               	movwf	_timer3ReloadVal+1,c	;volatile
   309                           
   310                           ;mcc_generated_files/tmr3.c: 83:     PIR2bits.TMR3IF = 0;
   311  00008E  92A1               	bcf	4001,1,c	;volatile
   312                           
   313                           ;mcc_generated_files/tmr3.c: 86:     PIE2bits.TMR3IE = 1;
   314  000090  82A0               	bsf	4000,1,c	;volatile
   315                           
   316                           ;mcc_generated_files/tmr3.c: 89:     TMR3_SetInterruptHandler(TMR3_DefaultInterruptHandl
      +                          er);
   317  000092  0E38               	movlw	low _TMR3_DefaultInterruptHandler
   318  000094  6E05               	movwf	TMR3_SetInterruptHandler@InterruptHandler,c
   319  000096  0E01               	movlw	high _TMR3_DefaultInterruptHandler
   320  000098  6E06               	movwf	TMR3_SetInterruptHandler@InterruptHandler+1,c
   321  00009A  0E00               	movlw	low (_TMR3_DefaultInterruptHandler shr (0+16))
   322  00009C  6E07               	movwf	TMR3_SetInterruptHandler@InterruptHandler+2,c
   323  00009E  EC8D  F000         	call	_TMR3_SetInterruptHandler	;wreg free
   324                           
   325                           ;mcc_generated_files/tmr3.c: 92:     T3CON = 0x01;
   326  0000A2  0E01               	movlw	1
   327  0000A4  6EB1               	movwf	4017,c	;volatile
   328  0000A6  0012               	return		;funcret
   329  0000A8                     __end_of_TMR3_Initialize:
   330                           	opt callstack 0
   331                           
   332 ;; *************** function _TMR3_SetInterruptHandler *****************
   333 ;; Defined at:
   334 ;;		line 173 in file "mcc_generated_files/tmr3.c"
   335 ;; Parameters:    Size  Location     Type
   336 ;;  InterruptHan    3    4[COMRAM] PTR FTN()void 
   337 ;;		 -> TMR3_DefaultInterruptHandler(1), 
   338 ;; Auto vars:     Size  Location     Type
   339 ;;		None
   340 ;; Return value:  Size  Location     Type
   341 ;;                  1    wreg      void 
   342 ;; Registers used:
   343 ;;		wreg, status,2, status,0
   344 ;; Tracked objects:
   345 ;;		On entry : 0/0
   346 ;;		On exit  : 0/0
   347 ;;		Unchanged: 0/0
   348 ;; Data sizes:     COMRAM   BANK0   BANK1   BANK2   BANK3   BANK4   BANK5   BANK6   BANK7   BANK8   BANK9  BANK10  BANK1
      +1  BANK12  BANK13  BANK14  BANK15
   349 ;;      Params:         3       0       0       0       0       0       0       0       0       0       0       0       
      +0       0       0       0       0
   350 ;;      Locals:         0       0       0       0       0       0       0       0       0       0       0       0       
      +0       0       0       0       0
   351 ;;      Temps:          0       0       0       0       0       0       0       0       0       0       0       0       
      +0       0       0       0       0
   352 ;;      Totals:         3       0       0       0       0       0       0       0       0       0       0       0       
      +0       0       0       0       0
   353 ;;Total ram usage:        3 bytes
   354 ;; Hardware stack levels used:    1
   355 ;; Hardware stack levels required when called:    4
   356 ;; This function calls:
   357 ;;		Nothing
   358 ;; This function is called by:
   359 ;;		_TMR3_Initialize
   360 ;; This function uses a non-reentrant model
   361 ;;
   362                           
   363                           	psect	text3
   364  00011A                     __ptext3:
   365                           	opt callstack 0
   366  00011A                     _TMR3_SetInterruptHandler:
   367                           	opt callstack 24
   368                           
   369                           ;mcc_generated_files/tmr3.c: 174:     TMR3_InterruptHandler = InterruptHandler;
   370                           
   371                           ;incstack = 0
   372  00011A  C005  F00A         	movff	TMR3_SetInterruptHandler@InterruptHandler,_TMR3_InterruptHandler
   373  00011E  C006  F00B         	movff	TMR3_SetInterruptHandler@InterruptHandler+1,_TMR3_InterruptHandler+1
   374  000122  C007  F00C         	movff	TMR3_SetInterruptHandler@InterruptHandler+2,_TMR3_InterruptHandler+2
   375  000126  0012               	return		;funcret
   376  000128                     __end_of_TMR3_SetInterruptHandler:
   377                           	opt callstack 0
   378                           
   379 ;; *************** function _PIN_MANAGER_Initialize *****************
   380 ;; Defined at:
   381 ;;		line 55 in file "mcc_generated_files/pin_manager.c"
   382 ;; Parameters:    Size  Location     Type
   383 ;;		None
   384 ;; Auto vars:     Size  Location     Type
   385 ;;		None
   386 ;; Return value:  Size  Location     Type
   387 ;;                  1    wreg      void 
   388 ;; Registers used:
   389 ;;		wreg, status,2
   390 ;; Tracked objects:
   391 ;;		On entry : 0/0
   392 ;;		On exit  : 0/0
   393 ;;		Unchanged: 0/0
   394 ;; Data sizes:     COMRAM   BANK0   BANK1   BANK2   BANK3   BANK4   BANK5   BANK6   BANK7   BANK8   BANK9  BANK10  BANK1
      +1  BANK12  BANK13  BANK14  BANK15
   395 ;;      Params:         0       0       0       0       0       0       0       0       0       0       0       0       
      +0       0       0       0       0
   396 ;;      Locals:         0       0       0       0       0       0       0       0       0       0       0       0       
      +0       0       0       0       0
   397 ;;      Temps:          0       0       0       0       0       0       0       0       0       0       0       0       
      +0       0       0       0       0
   398 ;;      Totals:         0       0       0       0       0       0       0       0       0       0       0       0       
      +0       0       0       0       0
   399 ;;Total ram usage:        0 bytes
   400 ;; Hardware stack levels used:    1
   401 ;; Hardware stack levels required when called:    4
   402 ;; This function calls:
   403 ;;		Nothing
   404 ;; This function is called by:
   405 ;;		_SYSTEM_Initialize
   406 ;; This function uses a non-reentrant model
   407 ;;
   408                           
   409                           	psect	text4
   410  00002E                     __ptext4:
   411                           	opt callstack 0
   412  00002E                     _PIN_MANAGER_Initialize:
   413                           	opt callstack 25
   414                           
   415                           ;mcc_generated_files/pin_manager.c: 60:     LATE = 0x00;
   416                           
   417                           ;incstack = 0
   418  00002E  0E00               	movlw	0
   419  000030  6E8D               	movwf	3981,c	;volatile
   420                           
   421                           ;mcc_generated_files/pin_manager.c: 61:     LATD = 0x00;
   422  000032  0E00               	movlw	0
   423  000034  6E8C               	movwf	3980,c	;volatile
   424                           
   425                           ;mcc_generated_files/pin_manager.c: 62:     LATA = 0x00;
   426  000036  0E00               	movlw	0
   427  000038  6E89               	movwf	3977,c	;volatile
   428                           
   429                           ;mcc_generated_files/pin_manager.c: 63:     LATF = 0x00;
   430  00003A  0E00               	movlw	0
   431  00003C  6E8E               	movwf	3982,c	;volatile
   432                           
   433                           ;mcc_generated_files/pin_manager.c: 64:     LATB = 0x00;
   434  00003E  0E00               	movlw	0
   435  000040  6E8A               	movwf	3978,c	;volatile
   436                           
   437                           ;mcc_generated_files/pin_manager.c: 65:     LATG = 0x00;
   438  000042  0E00               	movlw	0
   439  000044  6E8F               	movwf	3983,c	;volatile
   440                           
   441                           ;mcc_generated_files/pin_manager.c: 66:     LATC = 0x00;
   442  000046  0E00               	movlw	0
   443  000048  6E8B               	movwf	3979,c	;volatile
   444                           
   445                           ;mcc_generated_files/pin_manager.c: 67:     LATH = 0x00;
   446  00004A  0E00               	movlw	0
   447  00004C  6E90               	movwf	3984,c	;volatile
   448                           
   449                           ;mcc_generated_files/pin_manager.c: 72:     TRISE = 0xFF;
   450  00004E  6896               	setf	3990,c	;volatile
   451                           
   452                           ;mcc_generated_files/pin_manager.c: 73:     TRISF = 0xFE;
   453  000050  0EFE               	movlw	254
   454  000052  6E97               	movwf	3991,c	;volatile
   455                           
   456                           ;mcc_generated_files/pin_manager.c: 74:     TRISA = 0xFF;
   457  000054  6892               	setf	3986,c	;volatile
   458                           
   459                           ;mcc_generated_files/pin_manager.c: 75:     TRISG = 0x1F;
   460  000056  0E1F               	movlw	31
   461  000058  6E98               	movwf	3992,c	;volatile
   462                           
   463                           ;mcc_generated_files/pin_manager.c: 76:     TRISB = 0xFF;
   464  00005A  6893               	setf	3987,c	;volatile
   465                           
   466                           ;mcc_generated_files/pin_manager.c: 77:     TRISH = 0xFF;
   467  00005C  6899               	setf	3993,c	;volatile
   468                           
   469                           ;mcc_generated_files/pin_manager.c: 78:     TRISC = 0xFF;
   470  00005E  6894               	setf	3988,c	;volatile
   471                           
   472                           ;mcc_generated_files/pin_manager.c: 79:     TRISD = 0xFF;
   473  000060  6895               	setf	3989,c	;volatile
   474                           
   475                           ;mcc_generated_files/pin_manager.c: 84:     ANCON0 = 0xFF;
   476  000062  010F               	movlb	15	; () banked
   477  000064  6925               	setf	37,b	;volatile
   478                           
   479                           ; BSR set to: 15
   480                           ;mcc_generated_files/pin_manager.c: 85:     ANCON1 = 0xFF;
   481  000066  6924               	setf	36,b	;volatile
   482                           
   483                           ; BSR set to: 15
   484                           ;mcc_generated_files/pin_manager.c: 86:     ANCON2 = 0xFF;
   485  000068  6923               	setf	35,b	;volatile
   486                           
   487                           ; BSR set to: 15
   488  00006A  0012               	return		;funcret
   489  00006C                     __end_of_PIN_MANAGER_Initialize:
   490                           	opt callstack 0
   491                           
   492 ;; *************** function _OSCILLATOR_Initialize *****************
   493 ;; Defined at:
   494 ;;		line 59 in file "mcc_generated_files/mcc.c"
   495 ;; Parameters:    Size  Location     Type
   496 ;;		None
   497 ;; Auto vars:     Size  Location     Type
   498 ;;		None
   499 ;; Return value:  Size  Location     Type
   500 ;;                  1    wreg      void 
   501 ;; Registers used:
   502 ;;		wreg, status,2
   503 ;; Tracked objects:
   504 ;;		On entry : 0/0
   505 ;;		On exit  : 0/0
   506 ;;		Unchanged: 0/0
   507 ;; Data sizes:     COMRAM   BANK0   BANK1   BANK2   BANK3   BANK4   BANK5   BANK6   BANK7   BANK8   BANK9  BANK10  BANK1
      +1  BANK12  BANK13  BANK14  BANK15
   508 ;;      Params:         0       0       0       0       0       0       0       0       0       0       0       0       
      +0       0       0       0       0
   509 ;;      Locals:         0       0       0       0       0       0       0       0       0       0       0       0       
      +0       0       0       0       0
   510 ;;      Temps:          0       0       0       0       0       0       0       0       0       0       0       0       
      +0       0       0       0       0
   511 ;;      Totals:         0       0       0       0       0       0       0       0       0       0       0       0       
      +0       0       0       0       0
   512 ;;Total ram usage:        0 bytes
   513 ;; Hardware stack levels used:    1
   514 ;; Hardware stack levels required when called:    4
   515 ;; This function calls:
   516 ;;		Nothing
   517 ;; This function is called by:
   518 ;;		_SYSTEM_Initialize
   519 ;; This function uses a non-reentrant model
   520 ;;
   521                           
   522                           	psect	text5
   523  0000F4                     __ptext5:
   524                           	opt callstack 0
   525  0000F4                     _OSCILLATOR_Initialize:
   526                           	opt callstack 25
   527                           
   528                           ;mcc_generated_files/mcc.c: 62:     OSCCON = 0x30;
   529                           
   530                           ; BSR set to: 15
   531                           ;incstack = 0
   532  0000F4  0E30               	movlw	48
   533  0000F6  6ED3               	movwf	4051,c	;volatile
   534                           
   535                           ;mcc_generated_files/mcc.c: 64:     OSCCON2 = 0x00;
   536  0000F8  0E00               	movlw	0
   537  0000FA  6E64               	movwf	3940,c	;volatile
   538                           
   539                           ;mcc_generated_files/mcc.c: 66:     OSCTUNE = 0x00;
   540  0000FC  0E00               	movlw	0
   541  0000FE  6E9B               	movwf	3995,c	;volatile
   542                           
   543                           ;mcc_generated_files/mcc.c: 68:     REFOCON = 0x00;
   544  000100  0E00               	movlw	0
   545  000102  010F               	movlb	15	; () banked
   546  000104  6F2A               	movwf	42,b	;volatile
   547                           
   548                           ; BSR set to: 15
   549  000106  0012               	return		;funcret
   550  000108                     __end_of_OSCILLATOR_Initialize:
   551                           	opt callstack 0
   552                           
   553 ;; *************** function _INTERRUPT_Initialize *****************
   554 ;; Defined at:
   555 ;;		line 52 in file "mcc_generated_files/interrupt_manager.c"
   556 ;; Parameters:    Size  Location     Type
   557 ;;		None
   558 ;; Auto vars:     Size  Location     Type
   559 ;;		None
   560 ;; Return value:  Size  Location     Type
   561 ;;                  1    wreg      void 
   562 ;; Registers used:
   563 ;;		None
   564 ;; Tracked objects:
   565 ;;		On entry : 0/0
   566 ;;		On exit  : 0/0
   567 ;;		Unchanged: 0/0
   568 ;; Data sizes:     COMRAM   BANK0   BANK1   BANK2   BANK3   BANK4   BANK5   BANK6   BANK7   BANK8   BANK9  BANK10  BANK1
      +1  BANK12  BANK13  BANK14  BANK15
   569 ;;      Params:         0       0       0       0       0       0       0       0       0       0       0       0       
      +0       0       0       0       0
   570 ;;      Locals:         0       0       0       0       0       0       0       0       0       0       0       0       
      +0       0       0       0       0
   571 ;;      Temps:          0       0       0       0       0       0       0       0       0       0       0       0       
      +0       0       0       0       0
   572 ;;      Totals:         0       0       0       0       0       0       0       0       0       0       0       0       
      +0       0       0       0       0
   573 ;;Total ram usage:        0 bytes
   574 ;; Hardware stack levels used:    1
   575 ;; Hardware stack levels required when called:    4
   576 ;; This function calls:
   577 ;;		Nothing
   578 ;; This function is called by:
   579 ;;		_SYSTEM_Initialize
   580 ;; This function uses a non-reentrant model
   581 ;;
   582                           
   583                           	psect	text6
   584  00013E                     __ptext6:
   585                           	opt callstack 0
   586  00013E                     _INTERRUPT_Initialize:
   587                           	opt callstack 25
   588                           
   589                           ;mcc_generated_files/interrupt_manager.c: 55:     RCONbits.IPEN = 0;
   590                           
   591                           ; BSR set to: 15
   592                           ;incstack = 0
   593  00013E  9ED0               	bcf	4048,7,c	;volatile
   594  000140  0012               	return		;funcret
   595  000142                     __end_of_INTERRUPT_Initialize:
   596                           	opt callstack 0
   597                           
   598 ;; *************** function _INTERRUPT_InterruptManager *****************
   599 ;; Defined at:
   600 ;;		line 58 in file "mcc_generated_files/interrupt_manager.c"
   601 ;; Parameters:    Size  Location     Type
   602 ;;		None
   603 ;; Auto vars:     Size  Location     Type
   604 ;;		None
   605 ;; Return value:  Size  Location     Type
   606 ;;                  1    wreg      void 
   607 ;; Registers used:
   608 ;;		wreg, status,2, status,0, pclath, tosl, cstack
   609 ;; Tracked objects:
   610 ;;		On entry : 0/0
   611 ;;		On exit  : 0/0
   612 ;;		Unchanged: 0/0
   613 ;; Data sizes:     COMRAM   BANK0   BANK1   BANK2   BANK3   BANK4   BANK5   BANK6   BANK7   BANK8   BANK9  BANK10  BANK1
      +1  BANK12  BANK13  BANK14  BANK15
   614 ;;      Params:         0       0       0       0       0       0       0       0       0       0       0       0       
      +0       0       0       0       0
   615 ;;      Locals:         0       0       0       0       0       0       0       0       0       0       0       0       
      +0       0       0       0       0
   616 ;;      Temps:          2       0       0       0       0       0       0       0       0       0       0       0       
      +0       0       0       0       0
   617 ;;      Totals:         2       0       0       0       0       0       0       0       0       0       0       0       
      +0       0       0       0       0
   618 ;;Total ram usage:        2 bytes
   619 ;; Hardware stack levels used:    1
   620 ;; Hardware stack levels required when called:    3
   621 ;; This function calls:
   622 ;;		_TMR3_ISR
   623 ;; This function is called by:
   624 ;;		Interrupt level 2
   625 ;; This function uses a non-reentrant model
   626 ;;
   627                           
   628                           	psect	intcode
   629  000008                     __pintcode:
   630                           	opt callstack 0
   631  000008                     _INTERRUPT_InterruptManager:
   632                           	opt callstack 24
   633                           
   634                           ;incstack = 0
   635  000008  820F               	bsf	btemp,1,c	;set compiler interrupt flag (level 2)
   636  00000A  CFFA F003          	movff	pclath,??_INTERRUPT_InterruptManager
   637  00000E  CFFB F004          	movff	pclatu,??_INTERRUPT_InterruptManager+1
   638                           
   639                           ;mcc_generated_files/interrupt_manager.c: 61:     if(INTCONbits.PEIE == 1)
   640  000012  BCF2               	btfsc	4082,6,c	;volatile
   641                           
   642                           ;mcc_generated_files/interrupt_manager.c: 62:     {;mcc_generated_files/interrupt_manage
      +                          r.c: 63:         if(PIE2bits.TMR3IE == 1 && PIR2bits.TMR3IF == 1)
   643  000014  A2A0               	btfss	4000,1,c	;volatile
   644  000016  D003               	goto	i2l84
   645  000018  B2A1               	btfsc	4001,1,c	;volatile
   646                           
   647                           ;mcc_generated_files/interrupt_manager.c: 64:         {;mcc_generated_files/interrupt_ma
      +                          nager.c: 65:             TMR3_ISR();
   648  00001A  EC54  F000         	call	_TMR3_ISR	;wreg free
   649  00001E                     i2l84:
   650  00001E  C004  FFFB         	movff	??_INTERRUPT_InterruptManager+1,pclatu
   651  000022  C003  FFFA         	movff	??_INTERRUPT_InterruptManager,pclath
   652  000026  920F               	bcf	btemp,1,c	;clear compiler interrupt flag (level 2)
   653  000028  0011               	retfie		f
   654  00002A                     __end_of_INTERRUPT_InterruptManager:
   655                           	opt callstack 0
   656                           
   657 ;; *************** function _TMR3_ISR *****************
   658 ;; Defined at:
   659 ;;		line 159 in file "mcc_generated_files/tmr3.c"
   660 ;; Parameters:    Size  Location     Type
   661 ;;		None
   662 ;; Auto vars:     Size  Location     Type
   663 ;;		None
   664 ;; Return value:  Size  Location     Type
   665 ;;                  1    wreg      void 
   666 ;; Registers used:
   667 ;;		wreg, status,2, status,0, pclath, tosl, cstack
   668 ;; Tracked objects:
   669 ;;		On entry : 0/0
   670 ;;		On exit  : 0/0
   671 ;;		Unchanged: 0/0
   672 ;; Data sizes:     COMRAM   BANK0   BANK1   BANK2   BANK3   BANK4   BANK5   BANK6   BANK7   BANK8   BANK9  BANK10  BANK1
      +1  BANK12  BANK13  BANK14  BANK15
   673 ;;      Params:         0       0       0       0       0       0       0       0       0       0       0       0       
      +0       0       0       0       0
   674 ;;      Locals:         0       0       0       0       0       0       0       0       0       0       0       0       
      +0       0       0       0       0
   675 ;;      Temps:          0       0       0       0       0       0       0       0       0       0       0       0       
      +0       0       0       0       0
   676 ;;      Totals:         0       0       0       0       0       0       0       0       0       0       0       0       
      +0       0       0       0       0
   677 ;;Total ram usage:        0 bytes
   678 ;; Hardware stack levels used:    1
   679 ;; Hardware stack levels required when called:    2
   680 ;; This function calls:
   681 ;;		Absolute function
   682 ;;		_TMR3_DefaultInterruptHandler
   683 ;;		_TMR3_WriteTimer
   684 ;; This function is called by:
   685 ;;		_INTERRUPT_InterruptManager
   686 ;; This function uses a non-reentrant model
   687 ;;
   688                           
   689                           	psect	text8
   690  0000A8                     __ptext8:
   691                           	opt callstack 0
   692  0000A8                     _TMR3_ISR:
   693                           	opt callstack 24
   694                           
   695                           ;mcc_generated_files/tmr3.c: 163:     PIR2bits.TMR3IF = 0;
   696                           
   697                           ;incstack = 0
   698  0000A8  92A1               	bcf	4001,1,c	;volatile
   699                           
   700                           ;mcc_generated_files/tmr3.c: 164:     TMR3_WriteTimer(timer3ReloadVal);
   701  0000AA  C00D  F001         	movff	_timer3ReloadVal,TMR3_WriteTimer@timerVal	;volatile
   702  0000AE  C00E  F002         	movff	_timer3ReloadVal+1,TMR3_WriteTimer@timerVal+1	;volatile
   703  0000B2  EC6C  F000         	call	_TMR3_WriteTimer	;wreg free
   704                           
   705                           ;mcc_generated_files/tmr3.c: 166:     if(TMR3_InterruptHandler)
   706  0000B6  500A               	movf	_TMR3_InterruptHandler,w,c
   707  0000B8  100B               	iorwf	_TMR3_InterruptHandler+1,w,c
   708  0000BA  100C               	iorwf	_TMR3_InterruptHandler+2,w,c
   709  0000BC  B4D8               	btfsc	status,2,c
   710  0000BE  0012               	return	
   711                           
   712                           ;mcc_generated_files/tmr3.c: 167:     {;mcc_generated_files/tmr3.c: 168:         TMR3_In
      +                          terruptHandler();
   713  0000C0  D801               	call	i2u9_48
   714  0000C2  0012               	return	
   715  0000C4                     i2u9_48:
   716  0000C4  0005               	push	
   717  0000C6  6EFA               	movwf	pclath,c
   718  0000C8  500A               	movf	_TMR3_InterruptHandler,w,c
   719  0000CA  6EFD               	movwf	tosl,c
   720  0000CC  500B               	movf	_TMR3_InterruptHandler+1,w,c
   721  0000CE  6EFE               	movwf	tosh,c
   722  0000D0  500C               	movf	_TMR3_InterruptHandler+2,w,c
   723  0000D2  6EFF               	movwf	tosu,c
   724  0000D4  50FA               	movf	pclath,w,c
   725  0000D6  0012               	return		;indir
   726  0000D8                     __end_of_TMR3_ISR:
   727                           	opt callstack 0
   728                           
   729 ;; *************** function _TMR3_WriteTimer *****************
   730 ;; Defined at:
   731 ;;		line 122 in file "mcc_generated_files/tmr3.c"
   732 ;; Parameters:    Size  Location     Type
   733 ;;  timerVal        2    0[COMRAM] unsigned short 
   734 ;; Auto vars:     Size  Location     Type
   735 ;;		None
   736 ;; Return value:  Size  Location     Type
   737 ;;                  1    wreg      void 
   738 ;; Registers used:
   739 ;;		wreg, status,2
   740 ;; Tracked objects:
   741 ;;		On entry : 0/0
   742 ;;		On exit  : 0/0
   743 ;;		Unchanged: 0/0
   744 ;; Data sizes:     COMRAM   BANK0   BANK1   BANK2   BANK3   BANK4   BANK5   BANK6   BANK7   BANK8   BANK9  BANK10  BANK1
      +1  BANK12  BANK13  BANK14  BANK15
   745 ;;      Params:         2       0       0       0       0       0       0       0       0       0       0       0       
      +0       0       0       0       0
   746 ;;      Locals:         0       0       0       0       0       0       0       0       0       0       0       0       
      +0       0       0       0       0
   747 ;;      Temps:          0       0       0       0       0       0       0       0       0       0       0       0       
      +0       0       0       0       0
   748 ;;      Totals:         2       0       0       0       0       0       0       0       0       0       0       0       
      +0       0       0       0       0
   749 ;;Total ram usage:        2 bytes
   750 ;; Hardware stack levels used:    1
   751 ;; This function calls:
   752 ;;		Nothing
   753 ;; This function is called by:
   754 ;;		_TMR3_ISR
   755 ;;		_TMR3_Reload
   756 ;; This function uses a non-reentrant model
   757 ;;
   758                           
   759                           	psect	text9
   760  0000D8                     __ptext9:
   761                           	opt callstack 0
   762  0000D8                     _TMR3_WriteTimer:
   763                           	opt callstack 25
   764                           
   765                           ;mcc_generated_files/tmr3.c: 122: void TMR3_WriteTimer(uint16_t timerVal);mcc_generated_
      +                          files/tmr3.c: 123: {;mcc_generated_files/tmr3.c: 124:     if (T3CONbits.nT3SYNC == 1)
   766                           
   767                           ;incstack = 0
   768  0000D8  A4B1               	btfss	4017,2,c	;volatile
   769  0000DA  D007               	goto	i2l967
   770                           
   771                           ;mcc_generated_files/tmr3.c: 125:     {;mcc_generated_files/tmr3.c: 127:         T3CONbi
      +                          ts.TMR3ON = 0;
   772  0000DC  90B1               	bcf	4017,0,c	;volatile
   773                           
   774                           ;mcc_generated_files/tmr3.c: 130:         TMR3H = (timerVal >> 8);
   775  0000DE  5002               	movf	TMR3_WriteTimer@timerVal+1,w,c
   776  0000E0  6EB3               	movwf	4019,c	;volatile
   777                           
   778                           ;mcc_generated_files/tmr3.c: 131:         TMR3L = timerVal;
   779  0000E2  C001  FFB2         	movff	TMR3_WriteTimer@timerVal,4018	;volatile
   780                           
   781                           ;mcc_generated_files/tmr3.c: 134:         T3CONbits.TMR3ON =1;
   782  0000E6  80B1               	bsf	4017,0,c	;volatile
   783                           
   784                           ;mcc_generated_files/tmr3.c: 135:     }
   785  0000E8  0012               	return	
   786  0000EA                     i2l967:
   787                           
   788                           ;mcc_generated_files/tmr3.c: 137:     {;mcc_generated_files/tmr3.c: 139:         TMR3H =
      +                           (timerVal >> 8);
   789  0000EA  5002               	movf	TMR3_WriteTimer@timerVal+1,w,c
   790  0000EC  6EB3               	movwf	4019,c	;volatile
   791                           
   792                           ;mcc_generated_files/tmr3.c: 140:         TMR3L = timerVal;
   793  0000EE  C001  FFB2         	movff	TMR3_WriteTimer@timerVal,4018	;volatile
   794  0000F2  0012               	return		;funcret
   795  0000F4                     __end_of_TMR3_WriteTimer:
   796                           	opt callstack 0
   797                           
   798 ;; *************** function _TMR3_DefaultInterruptHandler *****************
   799 ;; Defined at:
   800 ;;		line 177 in file "mcc_generated_files/tmr3.c"
   801 ;; Parameters:    Size  Location     Type
   802 ;;		None
   803 ;; Auto vars:     Size  Location     Type
   804 ;;		None
   805 ;; Return value:  Size  Location     Type
   806 ;;                  1    wreg      void 
   807 ;; Registers used:
   808 ;;		cstack
   809 ;; Tracked objects:
   810 ;;		On entry : 0/0
   811 ;;		On exit  : 0/0
   812 ;;		Unchanged: 0/0
   813 ;; Data sizes:     COMRAM   BANK0   BANK1   BANK2   BANK3   BANK4   BANK5   BANK6   BANK7   BANK8   BANK9  BANK10  BANK1
      +1  BANK12  BANK13  BANK14  BANK15
   814 ;;      Params:         0       0       0       0       0       0       0       0       0       0       0       0       
      +0       0       0       0       0
   815 ;;      Locals:         0       0       0       0       0       0       0       0       0       0       0       0       
      +0       0       0       0       0
   816 ;;      Temps:          0       0       0       0       0       0       0       0       0       0       0       0       
      +0       0       0       0       0
   817 ;;      Totals:         0       0       0       0       0       0       0       0       0       0       0       0       
      +0       0       0       0       0
   818 ;;Total ram usage:        0 bytes
   819 ;; Hardware stack levels used:    1
   820 ;; Hardware stack levels required when called:    1
   821 ;; This function calls:
   822 ;;		_performAction
   823 ;; This function is called by:
   824 ;;		_TMR3_Initialize
   825 ;;		_TMR3_ISR
   826 ;; This function uses a non-reentrant model
   827 ;;
   828                           
   829                           	psect	text10
   830  000138                     __ptext10:
   831                           	opt callstack 0
   832  000138                     _TMR3_DefaultInterruptHandler:
   833                           	opt callstack 24
   834                           
   835                           ;mcc_generated_files/tmr3.c: 181:     performAction();
   836                           
   837                           ;incstack = 0
   838  000138  ECA1  F000         	call	_performAction	;wreg free
   839  00013C  0012               	return		;funcret
   840  00013E                     __end_of_TMR3_DefaultInterruptHandler:
   841                           	opt callstack 0
   842                           
   843 ;; *************** function _performAction *****************
   844 ;; Defined at:
   845 ;;		line 1 in file "ISRFuntions.c"
   846 ;; Parameters:    Size  Location     Type
   847 ;;		None
   848 ;; Auto vars:     Size  Location     Type
   849 ;;		None
   850 ;; Return value:  Size  Location     Type
   851 ;;                  1    wreg      void 
   852 ;; Registers used:
   853 ;;		None
   854 ;; Tracked objects:
   855 ;;		On entry : 0/0
   856 ;;		On exit  : 0/0
   857 ;;		Unchanged: 0/0
   858 ;; Data sizes:     COMRAM   BANK0   BANK1   BANK2   BANK3   BANK4   BANK5   BANK6   BANK7   BANK8   BANK9  BANK10  BANK1
      +1  BANK12  BANK13  BANK14  BANK15
   859 ;;      Params:         0       0       0       0       0       0       0       0       0       0       0       0       
      +0       0       0       0       0
   860 ;;      Locals:         0       0       0       0       0       0       0       0       0       0       0       0       
      +0       0       0       0       0
   861 ;;      Temps:          0       0       0       0       0       0       0       0       0       0       0       0       
      +0       0       0       0       0
   862 ;;      Totals:         0       0       0       0       0       0       0       0       0       0       0       0       
      +0       0       0       0       0
   863 ;;Total ram usage:        0 bytes
   864 ;; Hardware stack levels used:    1
   865 ;; This function calls:
   866 ;;		Nothing
   867 ;; This function is called by:
   868 ;;		_TMR3_DefaultInterruptHandler
   869 ;; This function uses a non-reentrant model
   870 ;;
   871                           
   872                           	psect	text11
   873  000142                     __ptext11:
   874                           	opt callstack 0
   875  000142                     _performAction:
   876                           	opt callstack 24
   877                           
   878                           ;ISRFuntions.c: 3:     return;
   879                           
   880                           ;incstack = 0
   881  000142  0012               	return		;funcret
   882  000144                     __end_of_performAction:
   883                           	opt callstack 0
   884  0000                     
   885                           	psect	text12
   886  000000                     __ptext12:
   887                           	opt callstack 0
   888                           
   889                           	psect	rparam
   890  0000                     
   891                           	psect	temp
   892  00000F                     btemp:
   893                           	opt callstack 0
   894  00000F                     	ds	1
   895  0000                     int$flags	set	btemp
   896  0000                     wtemp8	set	btemp+1
   897  0000                     ttemp5	set	btemp+1
   898  0000                     ttemp6	set	btemp+4
   899  0000                     ttemp7	set	btemp+8
   900                           tosu	equ	0xFFF
   901                           tosh	equ	0xFFE
   902                           tosl	equ	0xFFD
   903                           stkptr	equ	0xFFC
   904                           pclatu	equ	0xFFB
   905                           pclath	equ	0xFFA
   906                           pcl	equ	0xFF9
   907                           tblptru	equ	0xFF8
   908                           tblptrh	equ	0xFF7
   909                           tblptrl	equ	0xFF6
   910                           tablat	equ	0xFF5
   911                           prodh	equ	0xFF4
   912                           prodl	equ	0xFF3
   913                           indf0	equ	0xFEF
   914                           postinc0	equ	0xFEE
   915                           postdec0	equ	0xFED
   916                           preinc0	equ	0xFEC
   917                           plusw0	equ	0xFEB
   918                           fsr0h	equ	0xFEA
   919                           fsr0l	equ	0xFE9
   920                           wreg	equ	0xFE8
   921                           indf1	equ	0xFE7
   922                           postinc1	equ	0xFE6
   923                           postdec1	equ	0xFE5
   924                           preinc1	equ	0xFE4
   925                           plusw1	equ	0xFE3
   926                           fsr1h	equ	0xFE2
   927                           fsr1l	equ	0xFE1
   928                           bsr	equ	0xFE0
   929                           indf2	equ	0xFDF
   930                           postinc2	equ	0xFDE
   931                           postdec2	equ	0xFDD
   932                           preinc2	equ	0xFDC
   933                           plusw2	equ	0xFDB
   934                           fsr2h	equ	0xFDA
   935                           fsr2l	equ	0xFD9
   936                           status	equ	0xFD8


Data Sizes:
    Strings     0
    Constant    0
    Data        0
    BSS         0
    Persistent  5
    Stack       0

Auto Spaces:
    Space          Size  Autos    Used
    COMRAM           94      9      14
    BANK0           160      0       0
    BANK1           256      0       0
    BANK2           256      0       0
    BANK3           256      0       0
    BANK4           256      0       0
    BANK5           256      0       0
    BANK6           256      0       0
    BANK7           256      0       0
    BANK8           256      0       0
    BANK9           256      0       0
    BANK10          256      0       0
    BANK11          256      0       0
    BANK12          256      0       0
    BANK13          256      0       0
    BANK14          256      0       0
    BANK15           22      0       0

Pointer List with Targets:

    TMR3_SetInterruptHandler@InterruptHandler	PTR FTN()void  size(3) Largest target is 1
		 -> TMR3_DefaultInterruptHandler(), 

    TMR3_InterruptHandler	PTR FTN()void  size(3) Largest target is 1
		 -> Absolute function(), TMR3_DefaultInterruptHandler(), 


Critical Paths under _main in COMRAM

    _SYSTEM_Initialize->_TMR3_Initialize
    _TMR3_Initialize->_TMR3_SetInterruptHandler

Critical Paths under _INTERRUPT_InterruptManager in COMRAM

    _TMR3_ISR->_TMR3_WriteTimer

Critical Paths under _main in BANK0

    None.

Critical Paths under _INTERRUPT_InterruptManager in BANK0

    None.

Critical Paths under _main in BANK1

    None.

Critical Paths under _INTERRUPT_InterruptManager in BANK1

    None.

Critical Paths under _main in BANK2

    None.

Critical Paths under _INTERRUPT_InterruptManager in BANK2

    None.

Critical Paths under _main in BANK3

    None.

Critical Paths under _INTERRUPT_InterruptManager in BANK3

    None.

Critical Paths under _main in BANK4

    None.

Critical Paths under _INTERRUPT_InterruptManager in BANK4

    None.

Critical Paths under _main in BANK5

    None.

Critical Paths under _INTERRUPT_InterruptManager in BANK5

    None.

Critical Paths under _main in BANK6

    None.

Critical Paths under _INTERRUPT_InterruptManager in BANK6

    None.

Critical Paths under _main in BANK7

    None.

Critical Paths under _INTERRUPT_InterruptManager in BANK7

    None.

Critical Paths under _main in BANK8

    None.

Critical Paths under _INTERRUPT_InterruptManager in BANK8

    None.

Critical Paths under _main in BANK9

    None.

Critical Paths under _INTERRUPT_InterruptManager in BANK9

    None.

Critical Paths under _main in BANK10

    None.

Critical Paths under _INTERRUPT_InterruptManager in BANK10

    None.

Critical Paths under _main in BANK11

    None.

Critical Paths under _INTERRUPT_InterruptManager in BANK11

    None.

Critical Paths under _main in BANK12

    None.

Critical Paths under _INTERRUPT_InterruptManager in BANK12

    None.

Critical Paths under _main in BANK13

    None.

Critical Paths under _INTERRUPT_InterruptManager in BANK13

    None.

Critical Paths under _main in BANK14

    None.

Critical Paths under _INTERRUPT_InterruptManager in BANK14

    None.

Critical Paths under _main in BANK15

    None.

Critical Paths under _INTERRUPT_InterruptManager in BANK15

    None.

Call Graph Tables:

 ---------------------------------------------------------------------------------
 (Depth) Function   	        Calls       Base Space   Used Autos Params    Refs
 ---------------------------------------------------------------------------------
 (0) _main                                                 0     0      0      98
                  _SYSTEM_Initialize
 ---------------------------------------------------------------------------------
 (1) _SYSTEM_Initialize                                    0     0      0      98
               _INTERRUPT_Initialize
              _OSCILLATOR_Initialize
             _PIN_MANAGER_Initialize
                    _TMR3_Initialize
 ---------------------------------------------------------------------------------
 (2) _TMR3_Initialize                                      2     2      0      98
                                              7 COMRAM     2     2      0
           _TMR3_SetInterruptHandler
 ---------------------------------------------------------------------------------
 (3) _TMR3_SetInterruptHandler                             3     0      3      98
                                              4 COMRAM     3     0      3
 ---------------------------------------------------------------------------------
 (2) _PIN_MANAGER_Initialize                               0     0      0       0
 ---------------------------------------------------------------------------------
 (2) _OSCILLATOR_Initialize                                0     0      0       0
 ---------------------------------------------------------------------------------
 (2) _INTERRUPT_Initialize                                 0     0      0       0
 ---------------------------------------------------------------------------------
 Estimated maximum stack depth 3
 ---------------------------------------------------------------------------------
 (Depth) Function   	        Calls       Base Space   Used Autos Params    Refs
 ---------------------------------------------------------------------------------
 (4) _INTERRUPT_InterruptManager                           2     2      0     240
                                              2 COMRAM     2     2      0
                           _TMR3_ISR
 ---------------------------------------------------------------------------------
 (5) _TMR3_ISR                                             0     0      0     240
                   Absolute function *
       _TMR3_DefaultInterruptHandler *
                    _TMR3_WriteTimer
 ---------------------------------------------------------------------------------
 (6) _TMR3_WriteTimer                                      2     0      2     240
                                              0 COMRAM     2     0      2
 ---------------------------------------------------------------------------------
 (6) _TMR3_DefaultInterruptHandler                         0     0      0       0
                      _performAction
 ---------------------------------------------------------------------------------
 (7) _performAction                                        0     0      0       0
 ---------------------------------------------------------------------------------
 (6) Absolute function(Fake)                               0     0      0       0
 ---------------------------------------------------------------------------------
 Estimated maximum stack depth 7
 ---------------------------------------------------------------------------------

 Call Graph Graphs:

 _main (ROOT)
   _SYSTEM_Initialize
     _INTERRUPT_Initialize
     _OSCILLATOR_Initialize
     _PIN_MANAGER_Initialize
     _TMR3_Initialize
       _TMR3_SetInterruptHandler

 _INTERRUPT_InterruptManager (ROOT)
   _TMR3_ISR
     Absolute function(Fake) *
     _TMR3_DefaultInterruptHandler *
       _performAction
     _TMR3_WriteTimer *

 Address spaces:
Name               Size   Autos  Total    Cost      Usage
BITCOMRAM           5E      0       0       0        0.0%
EEDATA             400      0       0       0        0.0%
NULL                 0      0       0       0        0.0%
CODE                 0      0       0       0        0.0%
COMRAM              5E      9       E       1       14.9%
STACK                0      0       0       2        0.0%
DATA                 0      0       E       3        0.0%
BITBANK0            A0      0       0       4        0.0%
BANK0               A0      0       0       5        0.0%
BITBANK1           100      0       0       6        0.0%
BANK1              100      0       0       7        0.0%
BITBANK2           100      0       0       8        0.0%
BANK2              100      0       0       9        0.0%
BITBANK3           100      0       0      10        0.0%
BANK3              100      0       0      11        0.0%
ABS                  0      0       E      12        0.0%
BITBANK4           100      0       0      13        0.0%
BANK4              100      0       0      14        0.0%
BITBANK5           100      0       0      15        0.0%
BANK5              100      0       0      16        0.0%
BITBANK6           100      0       0      17        0.0%
BANK6              100      0       0      18        0.0%
BITBANK7           100      0       0      19        0.0%
BANK7              100      0       0      20        0.0%
BITBANK8           100      0       0      21        0.0%
BANK8              100      0       0      22        0.0%
BITBANK9           100      0       0      23        0.0%
BANK9              100      0       0      24        0.0%
BITBANK10          100      0       0      25        0.0%
BANK10             100      0       0      26        0.0%
BITBANK11          100      0       0      27        0.0%
BANK11             100      0       0      28        0.0%
BITBANK12          100      0       0      29        0.0%
BANK12             100      0       0      30        0.0%
BITBANK13          100      0       0      31        0.0%
BANK13             100      0       0      32        0.0%
BITBANK14          100      0       0      33        0.0%
BANK14             100      0       0      34        0.0%
BITBANK15           16      0       0      35        0.0%
BANK15              16      0       0      36        0.0%
BIGRAM             F15      0       0      37        0.0%
BITSFR_1             0      0       0     200        0.0%
SFR_1                0      0       0     200        0.0%
BITSFR               0      0       0     200        0.0%
SFR                  0      0       0     200        0.0%


Microchip Technology PIC18 Macro Assembler V2.05 build -831301201 
Symbol Table                                                                                   Sat May 04 19:46:29 2019

                              __CFG_BW$16 000000                               __CFG_ABW$MM 000000  
                             __CFG_BORV$3 000000                              __CFG_CP0$OFF 000000  
                            __CFG_CP1$OFF 000000                              __CFG_CP2$OFF 000000  
                            __CFG_CP3$OFF 000000                              __CFG_CP4$OFF 000000  
                            __CFG_CP5$OFF 000000                              __CFG_CP6$OFF 000000  
                            __CFG_CP7$OFF 000000                                       l159 0136  
                            __CFG_CPB$OFF 000000                              __CFG_CPD$OFF 000000  
                                     tosl 000FFD                           _timer3ReloadVal 000D  
                                    _LATA 000F89                                      _LATB 000F8A  
                                    _LATC 000F8B                                      _LATD 000F8C  
                                    _LATE 000F8D                                      _LATF 000F8E  
                                    _LATG 000F8F                                      _LATH 000F90  
                                    i2l84 001E                                      _main 0132  
                                    btemp 000F                                      start 002A  
                           __CFG_IESO$OFF 000000                           _TMR3_Initialize 006C  
                           __CFG_MCLRE$ON 000000                              ___param_bank 000000  
                           __CFG_RETEN$ON 000000            __size_of_OSCILLATOR_Initialize 0014  
                           __CFG_WAIT$OFF 000000             __end_of_OSCILLATOR_Initialize 0108  
                                   ?_main 0001                                     _T3CON 000FB1  
                          __CFG_DEBUG$OFF 000000                                     i2l967 00EA  
                                   _TMR3H 000FB3                                     _TMR3L 000FB2  
                                   _TRISA 000F92                                     _TRISB 000F93  
                                   _TRISC 000F94                                     _TRISD 000F95  
                                   _TRISE 000F96                                     _TRISF 000F97  
                                   _TRISG 000F98                                     _TRISH 000F99  
                           __CFG_WRT0$OFF 000000                             __CFG_WRT1$OFF 000000  
                           __CFG_WRT2$OFF 000000         __size_of_TMR3_SetInterruptHandler 000E  
                           __CFG_WRT3$OFF 000000                             __CFG_WRT4$OFF 000000  
                          __CFG_EBRT0$OFF 000000                             __CFG_WRT5$OFF 000000  
                          __CFG_EBRT1$OFF 000000                             __CFG_WRT6$OFF 000000  
                          __CFG_EBRT2$OFF 000000                             __CFG_WRT7$OFF 000000  
                          __CFG_EBRT3$OFF 000000                 ?_TMR3_SetInterruptHandler 0005  
                          __CFG_EBRT4$OFF 000000                            __CFG_FCMEN$OFF 000000  
                          __CFG_EBRT5$OFF 000000                            __CFG_EBRT6$OFF 000000  
                          __CFG_EBRT7$OFF 000000                            __CFG_EASHFT$ON 000000  
                           __CFG_WRTB$OFF 000000                          __end_of_TMR3_ISR 00D8  
                           __CFG_WRTC$OFF 000000                             __CFG_WRTD$OFF 000000  
                          __CFG_EBRTB$OFF 000000            ??_TMR3_DefaultInterruptHandler 0001  
                   __end_of_performAction 0144                                     pclath 000FFA  
                                   ttemp5 0010                                     ttemp6 0013  
                                   ttemp7 0017                                     status 000FD8  
                                   wtemp8 0010                           __initialization 0128  
                            __end_of_main 0138               ?_INTERRUPT_InterruptManager 0001  
                                  ??_main 000A                             __activetblptr 000003  
                   _TMR3_InterruptHandler 000A                                    _ANCON0 000F25  
                                  _ANCON1 000F24                                    _ANCON2 000F23  
                                  _T3GCON 000FB0                   __end_of_TMR3_Initialize 00A8  
                         __CFG_BBSIZ$BB2K 000000                            __CFG_WDTEN$OFF 000000  
                                  _OSCCON 000FD3                                    i2u9_48 00C4  
                         _TMR3_WriteTimer 00D8                            __CFG_XINST$OFF 000000  
                          __CFG_STVREN$ON 000000  TMR3_SetInterruptHandler@InterruptHandler 0005  
           __size_of_INTERRUPT_Initialize 0004                         _SYSTEM_Initialize 0108  
                              __accesstop 0060                   __end_of__initialization 0128  
                      ?_SYSTEM_Initialize 0001                             ___rparam_used 000001  
                          __pcstackCOMRAM 0001                       ??_SYSTEM_Initialize 000A  
                               ?_TMR3_ISR 0001                 __end_of_SYSTEM_Initialize 011A  
                 __end_of_TMR3_WriteTimer 00F4                          ?_TMR3_Initialize 0001  
                         __CFG_PLLCFG$OFF 000000                                __pnvCOMRAM 000A  
        __end_of_TMR3_SetInterruptHandler 0128                                ??_TMR3_ISR 0003  
                                 _REFOCON 000F2A                                   _OSCCON2 000F64  
                                 _OSCTUNE 000F9B                           __CFG_PWRTEN$OFF 000000  
                                 __Hparam 0000                                   __Lparam 0000  
                                 __pcinit 0128                                   __ramtop 1000  
                                 __ptext0 0132                                   __ptext1 0108  
                                 __ptext2 006C                                   __ptext3 011A  
                                 __ptext4 002E                                   __ptext5 00F4  
                                 __ptext6 013E                                   __ptext8 00A8  
                                 __ptext9 00D8                     _OSCILLATOR_Initialize 00F4  
                               _T3CONbits 000FB1                  ??_PIN_MANAGER_Initialize 0005  
                       __CFG_MSSPMSK$MSK7 000000                __size_of_SYSTEM_Initialize 0012  
                    end_of_initialization 0128                          ?_TMR3_WriteTimer 0001  
                  __size_of_performAction 0002                  _TMR3_SetInterruptHandler 011A  
                        __CFG_FOSC$INTIO2 000000              __end_of_INTERRUPT_Initialize 0142  
                       __size_of_TMR3_ISR 0030                    ?_OSCILLATOR_Initialize 0001  
                     start_initialization 0128           __size_of_PIN_MANAGER_Initialize 003E  
                           _performAction 0142                            ?_performAction 0001  
                  _PIN_MANAGER_Initialize 002E                         __CFG_CCP2MX$PORTC 000000  
                __size_of_TMR3_Initialize 003C                                 __pintcode 0008  
            ??_INTERRUPT_InterruptManager 0003                      _INTERRUPT_Initialize 013E  
                                _PIE2bits 000FA0       __size_of_INTERRUPT_InterruptManager 0022  
                                _PIR2bits 000FA1                ??_TMR3_SetInterruptHandler 0008  
                                _RCONbits 000FD0                                  _TMR3_ISR 00A8  
                       __CFG_ECCPMX$PORTE 000000                          __CFG_SOSCSEL$DIG 000000  
                         ??_performAction 0001                     ?_INTERRUPT_Initialize 0001  
                                __Hrparam 0000                  __size_of_TMR3_WriteTimer 001C  
                                __Lrparam 0000                        __CFG_BOREN$SBORDIS 000000  
                 ??_OSCILLATOR_Initialize 0005                         ??_TMR3_Initialize 0008  
                                __ptext10 0138                                  __ptext11 0142  
                                __ptext12 0000                                _T3GCONbits 000FB0  
                 TMR3_WriteTimer@timerVal 0001                             __size_of_main 0006  
                     __CFG_RTCOSC$SOSCREF 000000                                  int$flags 000F  
      __end_of_INTERRUPT_InterruptManager 002A                _INTERRUPT_InterruptManager 0008  
    __end_of_TMR3_DefaultInterruptHandler 013E     __size_of_TMR3_DefaultInterruptHandler 0006  
            _TMR3_DefaultInterruptHandler 0138                       __CFG_INTOSCSEL$HIGH 000000  
                              _INTCONbits 000FF2                    ??_INTERRUPT_Initialize 0005  
                                intlevel2 0000                   ?_PIN_MANAGER_Initialize 0001  
                      __CFG_WDTPS$1048576 000000                         ??_TMR3_WriteTimer 0003  
           ?_TMR3_DefaultInterruptHandler 0001            __end_of_PIN_MANAGER_Initialize 006C  
                     __CFG_BORPWR$ZPBORMV 000000  
